<?xml version="1.0" encoding="utf-8"?><testsuites name="pytest tests"><testsuite name="pytest" errors="0" failures="0" skipped="0" tests="47" time="0.978" timestamp="2026-06-09T08:33:12.595892+05:30" hostname="LAPTOP-F3AIRMBD"><testcase classname="backend.tests.test_blast_engine" name="test_tnt_equivalency" time="0.001" /><testcase classname="backend.tests.test_blast_engine" name="test_c4_equivalency" time="0.001" /><testcase classname="backend.tests.test_blast_engine" name="test_damage_engine_mode_a" time="0.001" /><testcase classname="backend.tests.test_blast_engine" name="test_damage_engine_mode_b" time="0.000" /><testcase classname="backend.tests.test_blast_engine" name="test_physics_validation_accuracy" time="0.016" /><testcase classname="backend.tests.test_concurrency" name="test_concurrent_operations" time="0.301" /><testcase classname="backend.tests.test_data_integrity" name="test_data_integrity_lifecycle" time="0.063" /><testcase classname="backend.tests.test_dynamic_pressure" name="test_dynamic_pressure_formula" time="0.000" /><testcase classname="backend.tests.test_engineering_sanity.TestEnvelopeNesting" name="test_rc_envelope_nesting" time="0.000" /><testcase classname="backend.tests.test_engineering_sanity.TestEnvelopeNesting" name="test_steel_envelope_nesting" time="0.000" /><testcase classname="backend.tests.test_engineering_sanity.TestEnvelopeNesting" name="test_masonry_envelope_nesting" time="0.000" /><testcase classname="backend.tests.test_engineering_sanity.TestEnvelopeNesting" name="test_uhpc_envelope_nesting" time="0.000" /><testcase classname="backend.tests.test_engineering_sanity.TestMonotonicProgression" name="test_rc_pressure_sweep_monotonic" time="0.000" /><testcase classname="backend.tests.test_engineering_sanity.TestMonotonicProgression" name="test_rc_impulse_sweep_monotonic" time="0.000" /><testcase classname="backend.tests.test_engineering_sanity.TestMonotonicProgression" name="test_rc_diagonal_sweep_monotonic" time="0.000" /><testcase classname="backend.tests.test_engineering_sanity.TestMonotonicProgression" name="test_steel_diagonal_sweep_monotonic" time="0.001" /><testcase classname="backend.tests.test_engineering_sanity.TestMonotonicProgression" name="test_masonry_diagonal_sweep_monotonic" time="0.001" /><testcase classname="backend.tests.test_engineering_sanity.TestMonotonicProgression" name="test_uhpc_diagonal_sweep_monotonic" time="0.000" /><testcase classname="backend.tests.test_engineering_sanity.TestAssessmentConsistency" name="test_rc_pi_consistency" time="0.001" /><testcase classname="backend.tests.test_engineering_sanity.TestAssessmentConsistency" name="test_steel_pi_consistency" time="0.001" /><testcase classname="backend.tests.test_engineering_sanity.TestAssessmentConsistency" name="test_masonry_pi_consistency" time="0.001" /><testcase classname="backend.tests.test_engineering_sanity.TestAssessmentConsistency" name="test_uhpc_pi_consistency" time="0.001" /><testcase classname="backend.tests.test_engineering_sanity.TestAssessmentConsistency" name="test_glass_pi_consistency" time="0.000" /><testcase classname="backend.tests.test_material_models" name="test_glass_progressive_monolithic" time="0.000" /><testcase classname="backend.tests.test_material_models" name="test_glass_progressive_laminated" time="0.000" /><testcase classname="backend.tests.test_material_models" name="test_concrete_progressive" time="0.000" /><testcase classname="backend.tests.test_material_models" name="test_steel_progressive" time="0.000" /><testcase classname="backend.tests.test_material_models" name="test_hyperbolic_curve_check" time="0.000" /><testcase classname="backend.tests.test_migration_upgrade" name="test_upgrade_v1_to_v4" time="0.063" /><testcase classname="backend.tests.test_migration_upgrade" name="test_upgrade_v2_to_v4" time="0.062" /><testcase classname="backend.tests.test_migration_upgrade" name="test_upgrade_v3_to_v4" time="0.082" /><testcase classname="backend.tests.test_migration_upgrade" name="test_upgrade_empty_to_v4" time="0.035" /><testcase classname="backend.tests.test_migration_upgrade" name="test_upgrade_already_v4_idempotency" time="0.040" /><testcase classname="backend.tests.test_migration_upgrade" name="test_upgrade_corrupted_db" time="0.058" /><testcase classname="backend.tests.test_persistence" name="test_persistence_integrity" time="0.048" /><testcase classname="backend.tests.test_sweep_engine" name="test_distance_sweep_ordering" time="0.000" /><testcase classname="backend.tests.test_sweep_engine" name="test_charge_sweep_ordering" time="0.000" /><testcase classname="backend.tests.test_sweep_engine" name="test_scaled_distance_computation" time="0.000" /><testcase classname="backend.tests.test_sweep_engine" name="test_explosive_comparison_c4_vs_tnt" time="0.000" /><testcase classname="backend.tests.test_sweep_engine" name="test_grid_result_shape" time="0.001" /><testcase classname="backend.tests.test_sweep_engine" name="test_csv_export_headers" time="0.014" /><testcase classname="backend.tests.test_sweep_engine" name="test_material_ranker_glass_vs_rc" time="0.001" /><testcase classname="backend.tests.test_sweep_engine" name="test_grid_sweep_point_limit_boundaries" time="0.000" /><testcase classname="backend.tests.test_sweep_performance" name="test_sweep_performance" time="0.048" /><testcase classname="backend.tests.test_unit_converter" name="test_convert_pressure" time="0.000" /><testcase classname="backend.tests.test_unit_converter" name="test_convert_distance" time="0.000" /><testcase classname="backend.tests.test_unit_converter" name="test_unsupported_unit" time="0.000" /></testsuite></testsuites>